1497064625.748761 client started (1850): socket /tmp/tmux-1000/default, protocol 8
1497064625.748778 on Linux 4.9.0-040900-generic #201612111631 SMP Sun Dec 11 21:33:00 UTC 2016; libevent 2.0.21-stable (poll)
1497064625.748786 socket is /tmp/tmux-1000/default
1497064625.748790 trying connect
1497064625.748798 connect failed: Connection refused
1497064625.748804 lock file is /tmp/tmux-1000/default.lock
1497064625.748820 flock succeeded
1497064625.748822 got lock (6)
1497064625.748825 trying connect
1497064625.748829 connect failed: Connection refused
1497064625.748959 add peer 0x5638eb8d8940: 7 ((nil))
1497064625.749118 sending message 100 to peer 0x5638eb8d8940 (4 bytes)
1497064625.749126 sending message 101 to peer 0x5638eb8d8940 (6 bytes)
1497064625.749128 sending message 102 to peer 0x5638eb8d8940 (11 bytes)
1497064625.749130 sending message 108 to peer 0x5638eb8d8940 (24 bytes)
1497064625.749133 sending message 104 to peer 0x5638eb8d8940 (0 bytes)
1497064625.749136 sending message 107 to peer 0x5638eb8d8940 (4 bytes)
1497064625.749138 sending message 105 to peer 0x5638eb8d8940 (10 bytes)
1497064625.749140 sending message 105 to peer 0x5638eb8d8940 (15 bytes)
1497064625.749142 sending message 105 to peer 0x5638eb8d8940 (21 bytes)
1497064625.749146 sending message 105 to peer 0x5638eb8d8940 (19 bytes)
1497064625.749148 sending message 105 to peer 0x5638eb8d8940 (16 bytes)
1497064625.749150 sending message 105 to peer 0x5638eb8d8940 (18 bytes)
1497064625.749152 sending message 105 to peer 0x5638eb8d8940 (33 bytes)
1497064625.749154 sending message 105 to peer 0x5638eb8d8940 (52 bytes)
1497064625.749156 sending message 105 to peer 0x5638eb8d8940 (35 bytes)
1497064625.749158 sending message 105 to peer 0x5638eb8d8940 (54 bytes)
1497064625.749161 sending message 105 to peer 0x5638eb8d8940 (20 bytes)
1497064625.749163 sending message 105 to peer 0x5638eb8d8940 (13 bytes)
1497064625.749165 sending message 105 to peer 0x5638eb8d8940 (18 bytes)
1497064625.749167 sending message 105 to peer 0x5638eb8d8940 (17 bytes)
1497064625.749169 sending message 105 to peer 0x5638eb8d8940 (92 bytes)
1497064625.749171 sending message 105 to peer 0x5638eb8d8940 (20 bytes)
1497064625.749173 sending message 105 to peer 0x5638eb8d8940 (82 bytes)
1497064625.749176 sending message 105 to peer 0x5638eb8d8940 (58 bytes)
1497064625.749178 sending message 105 to peer 0x5638eb8d8940 (31 bytes)
1497064625.749180 sending message 105 to peer 0x5638eb8d8940 (22 bytes)
1497064625.749183 sending message 105 to peer 0x5638eb8d8940 (13 bytes)
1497064625.749185 sending message 105 to peer 0x5638eb8d8940 (17 bytes)
1497064625.749187 sending message 105 to peer 0x5638eb8d8940 (25 bytes)
1497064625.749189 sending message 105 to peer 0x5638eb8d8940 (37 bytes)
1497064625.749191 sending message 105 to peer 0x5638eb8d8940 (34 bytes)
1497064625.749193 sending message 105 to peer 0x5638eb8d8940 (19 bytes)
1497064625.749195 sending message 105 to peer 0x5638eb8d8940 (48 bytes)
1497064625.749197 sending message 105 to peer 0x5638eb8d8940 (47 bytes)
1497064625.749199 sending message 105 to peer 0x5638eb8d8940 (21 bytes)
1497064625.749201 sending message 105 to peer 0x5638eb8d8940 (15 bytes)
1497064625.749203 sending message 105 to peer 0x5638eb8d8940 (28 bytes)
1497064625.749205 sending message 105 to peer 0x5638eb8d8940 (19 bytes)
1497064625.749207 sending message 105 to peer 0x5638eb8d8940 (11 bytes)
1497064625.749211 sending message 105 to peer 0x5638eb8d8940 (17 bytes)
1497064625.749213 sending message 105 to peer 0x5638eb8d8940 (28 bytes)
1497064625.749215 sending message 105 to peer 0x5638eb8d8940 (72 bytes)
1497064625.749217 sending message 105 to peer 0x5638eb8d8940 (22 bytes)
1497064625.749219 sending message 105 to peer 0x5638eb8d8940 (25 bytes)
1497064625.749221 sending message 105 to peer 0x5638eb8d8940 (11 bytes)
1497064625.749223 sending message 105 to peer 0x5638eb8d8940 (18 bytes)
1497064625.749225 sending message 105 to peer 0x5638eb8d8940 (25 bytes)
1497064625.749227 sending message 105 to peer 0x5638eb8d8940 (24 bytes)
1497064625.749229 sending message 105 to peer 0x5638eb8d8940 (21 bytes)
1497064625.749236 sending message 105 to peer 0x5638eb8d8940 (8 bytes)
1497064625.749238 sending message 105 to peer 0x5638eb8d8940 (22 bytes)
1497064625.749240 sending message 105 to peer 0x5638eb8d8940 (26 bytes)
1497064625.749242 sending message 105 to peer 0x5638eb8d8940 (24 bytes)
1497064625.749244 sending message 105 to peer 0x5638eb8d8940 (11 bytes)
1497064625.749246 sending message 105 to peer 0x5638eb8d8940 (8 bytes)
1497064625.749250 sending message 105 to peer 0x5638eb8d8940 (20 bytes)
1497064625.749252 sending message 105 to peer 0x5638eb8d8940 (32 bytes)
1497064625.749254 sending message 105 to peer 0x5638eb8d8940 (106 bytes)
1497064625.749256 sending message 105 to peer 0x5638eb8d8940 (8 bytes)
1497064625.749259 sending message 105 to peer 0x5638eb8d8940 (17 bytes)
1497064625.749261 sending message 105 to peer 0x5638eb8d8940 (21 bytes)
1497064625.749263 sending message 105 to peer 0x5638eb8d8940 (8 bytes)
1497064625.749265 sending message 105 to peer 0x5638eb8d8940 (31 bytes)
1497064625.749267 sending message 105 to peer 0x5638eb8d8940 (28 bytes)
1497064625.749269 sending message 105 to peer 0x5638eb8d8940 (25 bytes)
1497064625.749271 sending message 105 to peer 0x5638eb8d8940 (11 bytes)
1497064625.749273 sending message 105 to peer 0x5638eb8d8940 (15 bytes)
1497064625.749275 sending message 105 to peer 0x5638eb8d8940 (11 bytes)
1497064625.749277 sending message 105 to peer 0x5638eb8d8940 (16 bytes)
1497064625.749279 sending message 105 to peer 0x5638eb8d8940 (16 bytes)
1497064625.749288 sending message 105 to peer 0x5638eb8d8940 (16 bytes)
1497064625.749291 sending message 106 to peer 0x5638eb8d8940 (0 bytes)
1497064625.749293 sending message 200 to peer 0x5638eb8d8940 (4 bytes)
1497064625.749295 client loop enter
1497064625.757771 peer 0x5638eb8d8940 message 207
1497064625.757787 sending message 208 to peer 0x5638eb8d8940 (0 bytes)
1497064634.581622 peer 0x5638eb8d8940 message 203
1497064634.581634 sending message 205 to peer 0x5638eb8d8940 (0 bytes)
1497064634.581819 peer 0x5638eb8d8940 message 204
1497064634.581827 client loop exit
